-------------------------------------------------------------------------------
Test set: org.example.Test_Runner.TestRunner
-------------------------------------------------------------------------------
Tests run: 20, Failures: 4, Errors: 0, Skipped: 0, Time elapsed: 205.859 s <<< FAILURE! - in org.example.Test_Runner.TestRunner
org.example.Test_Runner.TestRunner.runScenario  Time elapsed: 31.536 s  <<< FAILURE!
org.openqa.selenium.NoSuchElementException: 
no such element: Unable to locate element: {"method":"css selector","selector":".ico\-logout"}
  (Session info: chrome=108.0.5359.100)
For documentation on this error, please visit: https://selenium.dev/exceptions/#no_such_element
Build info: version: '4.7.1', revision: 'c6795baf1a3'
System info: os.name: 'Windows 10', os.arch: 'amd64', os.version: '10.0', java.version: '19.0.1'
Driver info: org.openqa.selenium.chrome.ChromeDriver
Command: [5c0cb51eec8bff9e842be761475928eb, findElement {using=class name, value=ico-logout}]
Capabilities {acceptInsecureCerts: false, browserName: chrome, browserVersion: 108.0.5359.100, chrome: {chromedriverVersion: 108.0.5359.71 (1e0e3868ee06..., userDataDir: C:\Users\745G5~1\AppData\Lo...}, goog:chromeOptions: {debuggerAddress: localhost:56816}, networkConnectionEnabled: false, pageLoadStrategy: normal, platformName: WINDOWS, proxy: Proxy(), se:cdp: ws://localhost:56816/devtoo..., se:cdpVersion: 108.0.5359.100, setWindowRect: true, strictFileInteractability: false, timeouts: {implicit: 0, pageLoad: 300000, script: 30000}, unhandledPromptBehavior: dismiss and notify, webauthn:extension:credBlob: true, webauthn:extension:largeBlob: true, webauthn:virtualAuthenticators: true}
Session ID: 5c0cb51eec8bff9e842be761475928eb

org.example.Test_Runner.TestRunner.runScenario  Time elapsed: 6.513 s  <<< FAILURE!
java.lang.AssertionError: expected [https://demo.nopcommerce.com/iphone-6] but found [https://demo.nopcommerce.com/]

org.example.Test_Runner.TestRunner.runScenario  Time elapsed: 6.681 s  <<< FAILURE!
java.lang.AssertionError: expected [https://demo.nopcommerce.com/nokia-lumia-1020] but found [https://demo.nopcommerce.com/]

org.example.Test_Runner.TestRunner.runScenario  Time elapsed: 9.674 s  <<< FAILURE!
java.lang.IndexOutOfBoundsException: Index 1 out of bounds for length 1

